<?xml version="1.0" encoding="UTF-8"?>
<!-- Generated by org.testng.reporters.JUnitXMLReporter -->
<testsuite hostname="GH-DHRB3M2" name="Test" tests="4" failures="0" timestamp="7 Jun 2018 18:33:06 GMT" time="77.048" errors="0">
  <testcase name="SubmitPricingRequest" time="5.296" classname="com.Bugfinders.Tests.BugfindersAssignment"/>
  <testcase name="DownloadCaseStudy" time="7.396" classname="com.Bugfinders.Tests.BugfindersAssignment"/>
  <testcase name="DownloadWebChecklist" time="6.786" classname="com.Bugfinders.Tests.BugfindersAssignment"/>
  <testcase name="DownloadWhitePaper" time="6.983" classname="com.Bugfinders.Tests.BugfindersAssignment"/>
</testsuite> <!-- Test -->
